0 verbose cli C:\Program Files\nodejs\node.exe C:\Program Files\nodejs\node_modules\npm\bin\npm-cli.js
1 info using npm@10.8.1
2 info using node@v22.3.0
3 silly config load:file:C:\Program Files\nodejs\node_modules\npm\npmrc
4 silly config load:file:C:\Users\saadr\Desktop\UpdatedFyp\textile-plm-digitalisation\.npmrc
5 silly config load:file:C:\Users\saadr\.npmrc
6 silly config load:file:C:\Users\saadr\AppData\Roaming\npm\etc\npmrc
7 verbose title npm install @radix-ui/react-avatar @radix-ui/react-slot @radix-ui/react-dropdown-menu @radix-ui/react-label @radix-ui/react-select @radix-ui/react-tabs
8 verbose argv "install" "@radix-ui/react-avatar" "@radix-ui/react-slot" "@radix-ui/react-dropdown-menu" "@radix-ui/react-label" "@radix-ui/react-select" "@radix-ui/react-tabs"
9 verbose logfile logs-max:10 dir:C:\Users\saadr\Desktop\UpdatedFyp\textile-plm-digitalisation\%APPDATA%\npm-cache\_logs\2024-10-06T21_19_06_091Z-
10 verbose logfile C:\Users\saadr\Desktop\UpdatedFyp\textile-plm-digitalisation\%APPDATA%\npm-cache\_logs\2024-10-06T21_19_06_091Z-debug-0.log
11 silly packumentCache heap:4345298944 maxSize:1086324736 maxEntrySize:543162368
12 silly logfile start cleaning logs, removing 1 files
13 silly logfile done cleaning log files
14 silly idealTree buildDeps
15 silly fetch manifest @radix-ui/react-avatar@^1.1.1
16 silly packumentCache full:https://registry.npmjs.org/@radix-ui%2freact-avatar cache-miss
17 http fetch GET 200 https://registry.npmjs.org/@radix-ui%2freact-avatar 950ms (cache revalidated)
18 silly packumentCache full:https://registry.npmjs.org/@radix-ui%2freact-avatar set size:492771 disposed:false
19 silly fetch manifest @types/react@^18
20 silly packumentCache full:https://registry.npmjs.org/@types%2freact cache-miss
21 http fetch GET 200 https://registry.npmjs.org/@types%2freact 13ms (cache hit)
22 silly packumentCache full:https://registry.npmjs.org/@types%2freact set size:2219669 disposed:false
23 silly fetch manifest @types/react-dom@^18
24 silly packumentCache full:https://registry.npmjs.org/@types%2freact-dom cache-miss
25 http fetch GET 200 https://registry.npmjs.org/@types%2freact-dom 16ms (cache hit)
26 silly packumentCache full:https://registry.npmjs.org/@types%2freact-dom set size:348234 disposed:false
27 silly fetch manifest react@^18
28 silly packumentCache full:https://registry.npmjs.org/react cache-miss
29 http fetch GET 200 https://registry.npmjs.org/react 24ms (cache hit)
30 silly packumentCache full:https://registry.npmjs.org/react set size:5014029 disposed:false
31 silly fetch manifest react-dom@^18
32 silly packumentCache full:https://registry.npmjs.org/react-dom cache-miss
33 http fetch GET 200 https://registry.npmjs.org/react-dom 45ms (cache hit)
34 silly packumentCache full:https://registry.npmjs.org/react-dom set size:6072064 disposed:false
35 silly fetch manifest @radix-ui/react-dropdown-menu@^2.1.2
36 silly packumentCache full:https://registry.npmjs.org/@radix-ui%2freact-dropdown-menu cache-miss
37 http fetch GET 200 https://registry.npmjs.org/@radix-ui%2freact-dropdown-menu 330ms (cache revalidated)
38 silly packumentCache full:https://registry.npmjs.org/@radix-ui%2freact-dropdown-menu set size:730085 disposed:false
39 silly fetch manifest @radix-ui/react-label@^2.1.0
40 silly packumentCache full:https://registry.npmjs.org/@radix-ui%2freact-label cache-miss
41 http fetch GET 200 https://registry.npmjs.org/@radix-ui%2freact-label 8ms (cache hit)
42 silly packumentCache full:https://registry.npmjs.org/@radix-ui%2freact-label set size:452916 disposed:false
43 silly fetch manifest @radix-ui/react-select@^2.1.2
44 silly packumentCache full:https://registry.npmjs.org/@radix-ui%2freact-select cache-miss
45 http fetch GET 200 https://registry.npmjs.org/@radix-ui%2freact-select 9ms (cache hit)
46 silly packumentCache full:https://registry.npmjs.org/@radix-ui%2freact-select set size:586617 disposed:false
47 silly fetch manifest @radix-ui/react-slot@^1.1.0
48 silly packumentCache full:https://registry.npmjs.org/@radix-ui%2freact-slot cache-miss
49 http fetch GET 200 https://registry.npmjs.org/@radix-ui%2freact-slot 13ms (cache hit)
50 silly packumentCache full:https://registry.npmjs.org/@radix-ui%2freact-slot set size:272432 disposed:false
51 silly fetch manifest @radix-ui/react-tabs@^1.1.1
52 silly packumentCache full:https://registry.npmjs.org/@radix-ui%2freact-tabs cache-miss
53 http fetch GET 200 https://registry.npmjs.org/@radix-ui%2freact-tabs 282ms (cache revalidated)
54 silly packumentCache full:https://registry.npmjs.org/@radix-ui%2freact-tabs set size:574919 disposed:false
55 silly placeDep ROOT @radix-ui/react-avatar@1.1.1 REPLACE for: textile-plm-digitalisation@0.1.0 want: ^1.1.1
56 silly placeDep ROOT @radix-ui/react-dropdown-menu@2.1.2 REPLACE for: textile-plm-digitalisation@0.1.0 want: ^2.1.2
57 silly placeDep ROOT @radix-ui/react-label@2.1.0 REPLACE for: textile-plm-digitalisation@0.1.0 want: ^2.1.0
58 silly placeDep ROOT @radix-ui/react-select@2.1.2 REPLACE for: textile-plm-digitalisation@0.1.0 want: ^2.1.2
59 silly placeDep ROOT @radix-ui/react-slot@1.1.0 REPLACE for: textile-plm-digitalisation@0.1.0 want: ^1.1.0
60 silly placeDep ROOT @radix-ui/react-tabs@1.1.1 REPLACE for: textile-plm-digitalisation@0.1.0 want: ^1.1.1
61 silly reify moves {}
62 silly audit bulk request {
62 silly audit   '@alloc/quick-lru': [ '5.2.0' ],
62 silly audit   '@eslint-community/eslint-utils': [ '4.4.0' ],
62 silly audit   '@eslint-community/regexpp': [ '4.11.1' ],
62 silly audit   '@eslint/eslintrc': [ '2.1.4' ],
62 silly audit   '@eslint/js': [ '8.57.1' ],
62 silly audit   '@floating-ui/core': [ '1.6.8' ],
62 silly audit   '@floating-ui/dom': [ '1.6.11' ],
62 silly audit   '@floating-ui/react-dom': [ '2.1.2' ],
62 silly audit   '@floating-ui/utils': [ '0.2.8' ],
62 silly audit   '@humanwhocodes/config-array': [ '0.13.0' ],
62 silly audit   '@humanwhocodes/module-importer': [ '1.0.1' ],
62 silly audit   '@humanwhocodes/object-schema': [ '2.0.3' ],
62 silly audit   '@isaacs/cliui': [ '8.0.2' ],
62 silly audit   'ansi-regex': [ '6.1.0', '5.0.1' ],
62 silly audit   'strip-ansi': [ '7.1.0', '6.0.1' ],
62 silly audit   '@jridgewell/gen-mapping': [ '0.3.5' ],
62 silly audit   '@jridgewell/resolve-uri': [ '3.1.2' ],
62 silly audit   '@jridgewell/set-array': [ '1.2.1' ],
62 silly audit   '@jridgewell/sourcemap-codec': [ '1.5.0' ],
62 silly audit   '@jridgewell/trace-mapping': [ '0.3.25' ],
62 silly audit   '@next/env': [ '14.2.14' ],
62 silly audit   '@next/eslint-plugin-next': [ '14.2.14' ],
62 silly audit   '@next/swc-darwin-arm64': [ '14.2.14' ],
62 silly audit   '@next/swc-darwin-x64': [ '14.2.14' ],
62 silly audit   '@next/swc-linux-arm64-gnu': [ '14.2.14' ],
62 silly audit   '@next/swc-linux-arm64-musl': [ '14.2.14' ],
62 silly audit   '@next/swc-linux-x64-gnu': [ '14.2.14' ],
62 silly audit   '@next/swc-linux-x64-musl': [ '14.2.14' ],
62 silly audit   '@next/swc-win32-arm64-msvc': [ '14.2.14' ],
62 silly audit   '@next/swc-win32-ia32-msvc': [ '14.2.14' ],
62 silly audit   '@next/swc-win32-x64-msvc': [ '14.2.14' ],
62 silly audit   '@nodelib/fs.scandir': [ '2.1.5' ],
62 silly audit   '@nodelib/fs.stat': [ '2.0.5' ],
62 silly audit   '@nodelib/fs.walk': [ '1.2.8' ],
62 silly audit   '@nolyfill/is-core-module': [ '1.0.39' ],
62 silly audit   '@pkgjs/parseargs': [ '0.11.0' ],
62 silly audit   '@radix-ui/number': [ '1.1.0' ],
62 silly audit   '@radix-ui/primitive': [ '1.1.0' ],
62 silly audit   '@radix-ui/react-arrow': [ '1.1.0' ],
62 silly audit   '@radix-ui/react-collection': [ '1.1.0' ],
62 silly audit   '@radix-ui/react-context': [ '1.1.0', '1.1.1' ],
62 silly audit   '@radix-ui/react-compose-refs': [ '1.1.0' ],
62 silly audit   '@radix-ui/react-dialog': [ '1.1.2' ],
62 silly audit   '@radix-ui/react-direction': [ '1.1.0' ],
62 silly audit   '@radix-ui/react-dismissable-layer': [ '1.1.1' ],
62 silly audit   '@radix-ui/react-focus-guards': [ '1.1.1' ],
62 silly audit   '@radix-ui/react-focus-scope': [ '1.1.0' ],
62 silly audit   '@radix-ui/react-id': [ '1.1.0' ],
62 silly audit   '@radix-ui/react-menu': [ '2.1.2' ],
62 silly audit   '@radix-ui/react-popper': [ '1.2.0' ],
62 silly audit   '@radix-ui/react-portal': [ '1.1.2' ],
62 silly audit   '@radix-ui/react-presence': [ '1.1.1' ],
62 silly audit   '@radix-ui/react-primitive': [ '2.0.0' ],
62 silly audit   '@radix-ui/react-roving-focus': [ '1.1.0' ],
62 silly audit   '@radix-ui/react-use-callback-ref': [ '1.1.0' ],
62 silly audit   '@radix-ui/react-use-controllable-state': [ '1.1.0' ],
62 silly audit   '@radix-ui/react-use-escape-keydown': [ '1.1.0' ],
62 silly audit   '@radix-ui/react-use-layout-effect': [ '1.1.0' ],
62 silly audit   '@radix-ui/react-use-previous': [ '1.1.0' ],
62 silly audit   '@radix-ui/react-use-rect': [ '1.1.0' ],
62 silly audit   '@radix-ui/react-use-size': [ '1.1.0' ],
62 silly audit   '@radix-ui/react-visually-hidden': [ '1.1.0' ],
62 silly audit   '@radix-ui/rect': [ '1.1.0' ],
62 silly audit   '@rtsao/scc': [ '1.1.0' ],
62 silly audit   '@rushstack/eslint-patch': [ '1.10.4' ],
62 silly audit   '@swc/counter': [ '0.1.3' ],
62 silly audit   '@swc/helpers': [ '0.5.5' ],
62 silly audit   '@types/json5': [ '0.0.29' ],
62 silly audit   '@types/node': [ '20.16.10' ],
62 silly audit   '@types/prop-types': [ '15.7.13' ],
62 silly audit   '@types/react': [ '18.3.11' ],
62 silly audit   '@types/react-dom': [ '18.3.0' ],
62 silly audit   '@typescript-eslint/eslint-plugin': [ '8.8.0' ],
62 silly audit   '@typescript-eslint/parser': [ '8.8.0' ],
62 silly audit   '@typescript-eslint/scope-manager': [ '8.8.0' ],
62 silly audit   '@typescript-eslint/type-utils': [ '8.8.0' ],
62 silly audit   '@typescript-eslint/types': [ '8.8.0' ],
62 silly audit   '@typescript-eslint/typescript-estree': [ '8.8.0' ],
62 silly audit   'brace-expansion': [ '2.0.1', '1.1.11' ],
62 silly audit   minimatch: [ '9.0.5', '3.1.2' ],
62 silly audit   '@typescript-eslint/utils': [ '8.8.0' ],
62 silly audit   '@typescript-eslint/visitor-keys': [ '8.8.0' ],
62 silly audit   '@ungap/structured-clone': [ '1.2.0' ],
62 silly audit   acorn: [ '8.12.1' ],
62 silly audit   'acorn-jsx': [ '5.3.2' ],
62 silly audit   ajv: [ '6.12.6' ],
62 silly audit   'ansi-styles': [ '4.3.0', '6.2.1' ],
62 silly audit   'any-promise': [ '1.3.0' ],
62 silly audit   anymatch: [ '3.1.3' ],
62 silly audit   arg: [ '5.0.2' ],
62 silly audit   argparse: [ '2.0.1' ],
62 silly audit   'aria-hidden': [ '1.2.4' ],
62 silly audit   'aria-query': [ '5.1.3' ],
62 silly audit   'array-buffer-byte-length': [ '1.0.1' ],
62 silly audit   'array-includes': [ '3.1.8' ],
62 silly audit   'array.prototype.findlast': [ '1.2.5' ],
62 silly audit   'array.prototype.findlastindex': [ '1.2.5' ],
62 silly audit   'array.prototype.flat': [ '1.3.2' ],
62 silly audit   'array.prototype.flatmap': [ '1.3.2' ],
62 silly audit   'array.prototype.tosorted': [ '1.1.4' ],
62 silly audit   'arraybuffer.prototype.slice': [ '1.0.3' ],
62 silly audit   'ast-types-flow': [ '0.0.8' ],
62 silly audit   'available-typed-arrays': [ '1.0.7' ],
62 silly audit   'axe-core': [ '4.10.0' ],
62 silly audit   'axobject-query': [ '4.1.0' ],
62 silly audit   'balanced-match': [ '1.0.2' ],
62 silly audit   'binary-extensions': [ '2.3.0' ],
62 silly audit   braces: [ '3.0.3' ],
62 silly audit   busboy: [ '1.6.0' ],
62 silly audit   'call-bind': [ '1.0.7' ],
62 silly audit   callsites: [ '3.1.0' ],
62 silly audit   'camelcase-css': [ '2.0.1' ],
62 silly audit   'caniuse-lite': [ '1.0.30001667' ],
62 silly audit   chalk: [ '4.1.2' ],
62 silly audit   chokidar: [ '3.6.0' ],
62 silly audit   'glob-parent': [ '5.1.2', '6.0.2' ],
62 silly audit   'class-variance-authority': [ '0.7.0' ],
62 silly audit   clsx: [ '2.0.0', '2.1.1' ],
62 silly audit   'client-only': [ '0.0.1' ],
62 silly audit   'color-convert': [ '2.0.1' ],
62 silly audit   'color-name': [ '1.1.4' ],
62 silly audit   commander: [ '4.1.1' ],
62 silly audit   'concat-map': [ '0.0.1' ],
62 silly audit   'cross-spawn': [ '7.0.3' ],
62 silly audit   cssesc: [ '3.0.0' ],
62 silly audit   csstype: [ '3.1.3' ],
62 silly audit   'damerau-levenshtein': [ '1.0.8' ],
62 silly audit   'data-view-buffer': [ '1.0.1' ],
62 silly audit   'data-view-byte-length': [ '1.0.1' ],
62 silly audit   'data-view-byte-offset': [ '1.0.0' ],
62 silly audit   debug: [ '4.3.7', '3.2.7' ],
62 silly audit   'deep-equal': [ '2.2.3' ],
62 silly audit   'deep-is': [ '0.1.4' ],
62 silly audit   'define-data-property': [ '1.1.4' ],
62 silly audit   'define-properties': [ '1.2.1' ],
62 silly audit   'detect-node-es': [ '1.1.0' ],
62 silly audit   didyoumean: [ '1.2.2' ],
62 silly audit   dlv: [ '1.1.3' ],
62 silly audit   doctrine: [ '3.0.0', '2.1.0' ],
62 silly audit   eastasianwidth: [ '0.2.0' ],
62 silly audit   'emoji-regex': [ '9.2.2', '8.0.0' ],
62 silly audit   'enhanced-resolve': [ '5.17.1' ],
62 silly audit   'es-abstract': [ '1.23.3' ],
62 silly audit   'es-define-property': [ '1.0.0' ],
62 silly audit   'es-errors': [ '1.3.0' ],
62 silly audit   'es-get-iterator': [ '1.1.3' ],
62 silly audit   'es-iterator-helpers': [ '1.0.19' ],
62 silly audit   'es-object-atoms': [ '1.0.0' ],
62 silly audit   'es-set-tostringtag': [ '2.0.3' ],
62 silly audit   'es-shim-unscopables': [ '1.0.2' ],
62 silly audit   'es-to-primitive': [ '1.2.1' ],
62 silly audit   'escape-string-regexp': [ '4.0.0' ],
62 silly audit   eslint: [ '8.57.1' ],
62 silly audit   'eslint-config-next': [ '14.2.14' ],
62 silly audit   'eslint-import-resolver-node': [ '0.3.9' ],
62 silly audit   'eslint-import-resolver-typescript': [ '3.6.3' ],
62 silly audit   'eslint-module-utils': [ '2.12.0' ],
62 silly audit   'eslint-plugin-import': [ '2.31.0' ],
62 silly audit   semver: [ '6.3.1', '7.6.3' ],
62 silly audit   'eslint-plugin-jsx-a11y': [ '6.10.0' ],
62 silly audit   'eslint-plugin-react': [ '7.37.1' ],
62 silly audit   'eslint-plugin-react-hooks': [ '4.6.2' ],
62 silly audit   resolve: [ '2.0.0-next.5', '1.22.8' ],
62 silly audit   'eslint-scope': [ '7.2.2' ],
62 silly audit   'eslint-visitor-keys': [ '3.4.3' ],
62 silly audit   espree: [ '9.6.1' ],
62 silly audit   esquery: [ '1.6.0' ],
62 silly audit   esrecurse: [ '4.3.0' ],
62 silly audit   estraverse: [ '5.3.0' ],
62 silly audit   esutils: [ '2.0.3' ],
62 silly audit   'fast-deep-equal': [ '3.1.3' ],
62 silly audit   'fast-glob': [ '3.3.2' ],
62 silly audit   'fast-json-stable-stringify': [ '2.1.0' ],
62 silly audit   'fast-levenshtein': [ '2.0.6' ],
62 silly audit   fastq: [ '1.17.1' ],
62 silly audit   'file-entry-cache': [ '6.0.1' ],
62 silly audit   'fill-range': [ '7.1.1' ],
62 silly audit   'find-up': [ '5.0.0' ],
62 silly audit   'flat-cache': [ '3.2.0' ],
62 silly audit   flatted: [ '3.3.1' ],
62 silly audit   'for-each': [ '0.3.3' ],
62 silly audit   'foreground-child': [ '3.3.0' ],
62 silly audit   'fs.realpath': [ '1.0.0' ],
62 silly audit   fsevents: [ '2.3.3' ],
62 silly audit   'function-bind': [ '1.1.2' ],
62 silly audit   'function.prototype.name': [ '1.1.6' ],
62 silly audit   'functions-have-names': [ '1.2.3' ],
62 silly audit   'get-intrinsic': [ '1.2.4' ],
62 silly audit   'get-nonce': [ '1.0.1' ],
62 silly audit   'get-symbol-description': [ '1.0.2' ],
62 silly audit   'get-tsconfig': [ '4.8.1' ],
62 silly audit   glob: [ '10.3.10', '7.2.3' ],
62 silly audit   globals: [ '13.24.0' ],
62 silly audit   globalthis: [ '1.0.4' ],
62 silly audit   gopd: [ '1.0.1' ],
62 silly audit   'graceful-fs': [ '4.2.11' ],
62 silly audit   graphemer: [ '1.4.0' ],
62 silly audit   'has-bigints': [ '1.0.2' ],
62 silly audit   'has-flag': [ '4.0.0' ],
62 silly audit   'has-property-descriptors': [ '1.0.2' ],
62 silly audit   'has-proto': [ '1.0.3' ],
62 silly audit   'has-symbols': [ '1.0.3' ],
62 silly audit   'has-tostringtag': [ '1.0.2' ],
62 silly audit   hasown: [ '2.0.2' ],
62 silly audit   ignore: [ '5.3.2' ],
62 silly audit   'import-fresh': [ '3.3.0' ],
62 silly audit   imurmurhash: [ '0.1.4' ],
62 silly audit   inflight: [ '1.0.6' ],
62 silly audit   inherits: [ '2.0.4' ],
62 silly audit   'internal-slot': [ '1.0.7' ],
62 silly audit   invariant: [ '2.2.4' ],
62 silly audit   'is-arguments': [ '1.1.1' ],
62 silly audit   'is-array-buffer': [ '3.0.4' ],
62 silly audit   'is-async-function': [ '2.0.0' ],
62 silly audit   'is-bigint': [ '1.0.4' ],
62 silly audit   'is-binary-path': [ '2.1.0' ],
62 silly audit   'is-boolean-object': [ '1.1.2' ],
62 silly audit   'is-bun-module': [ '1.2.1' ],
62 silly audit   'is-callable': [ '1.2.7' ],
62 silly audit   'is-core-module': [ '2.15.1' ],
62 silly audit   'is-data-view': [ '1.0.1' ],
62 silly audit   'is-date-object': [ '1.0.5' ],
62 silly audit   'is-extglob': [ '2.1.1' ],
62 silly audit   'is-finalizationregistry': [ '1.0.2' ],
62 silly audit   'is-fullwidth-code-point': [ '3.0.0' ],
62 silly audit   'is-generator-function': [ '1.0.10' ],
62 silly audit   'is-glob': [ '4.0.3' ],
62 silly audit   'is-map': [ '2.0.3' ],
62 silly audit   'is-negative-zero': [ '2.0.3' ],
62 silly audit   'is-number': [ '7.0.0' ],
62 silly audit   'is-number-object': [ '1.0.7' ],
62 silly audit   'is-path-inside': [ '3.0.3' ],
62 silly audit   'is-regex': [ '1.1.4' ],
62 silly audit   'is-set': [ '2.0.3' ],
62 silly audit   'is-shared-array-buffer': [ '1.0.3' ],
62 silly audit   'is-string': [ '1.0.7' ],
62 silly audit   'is-symbol': [ '1.0.4' ],
62 silly audit   'is-typed-array': [ '1.1.13' ],
62 silly audit   'is-weakmap': [ '2.0.2' ],
62 silly audit   'is-weakref': [ '1.0.2' ],
62 silly audit   'is-weakset': [ '2.0.3' ],
62 silly audit   isarray: [ '2.0.5' ],
62 silly audit   isexe: [ '2.0.0' ],
62 silly audit   'iterator.prototype': [ '1.1.2' ],
62 silly audit   jackspeak: [ '2.3.6' ],
62 silly audit   jiti: [ '1.21.6' ],
62 silly audit   'js-tokens': [ '4.0.0' ],
62 silly audit   'js-yaml': [ '4.1.0' ],
62 silly audit   'json-buffer': [ '3.0.1' ],
62 silly audit   'json-schema-traverse': [ '0.4.1' ],
62 silly audit   'json-stable-stringify-without-jsonify': [ '1.0.1' ],
62 silly audit   json5: [ '1.0.2' ],
62 silly audit   'jsx-ast-utils': [ '3.3.5' ],
62 silly audit   keyv: [ '4.5.4' ],
62 silly audit   'language-subtag-registry': [ '0.3.23' ],
62 silly audit   'language-tags': [ '1.0.9' ],
62 silly audit   levn: [ '0.4.1' ],
62 silly audit   lilconfig: [ '2.1.0', '3.1.2' ],
62 silly audit   'lines-and-columns': [ '1.2.4' ],
62 silly audit   'locate-path': [ '6.0.0' ],
62 silly audit   'lodash.merge': [ '4.6.2' ],
62 silly audit   'loose-envify': [ '1.4.0' ],
62 silly audit   'lru-cache': [ '10.4.3' ],
62 silly audit   'lucide-react': [ '0.447.0' ],
62 silly audit   merge2: [ '1.4.1' ],
62 silly audit   micromatch: [ '4.0.8' ],
62 silly audit   minimist: [ '1.2.8' ],
62 silly audit   minipass: [ '7.1.2' ],
62 silly audit   ms: [ '2.1.3' ],
62 silly audit   mz: [ '2.7.0' ],
62 silly audit   nanoid: [ '3.3.7' ],
62 silly audit   'natural-compare': [ '1.4.0' ],
62 silly audit   next: [ '14.2.14' ],
62 silly audit   postcss: [ '8.4.31', '8.4.47' ],
62 silly audit   'normalize-path': [ '3.0.0' ],
62 silly audit   'object-assign': [ '4.1.1' ],
62 silly audit   'object-hash': [ '3.0.0' ],
62 silly audit   'object-inspect': [ '1.13.2' ],
62 silly audit   'object-is': [ '1.1.6' ],
62 silly audit   'object-keys': [ '1.1.1' ],
62 silly audit   'object.assign': [ '4.1.5' ],
62 silly audit   'object.entries': [ '1.1.8' ],
62 silly audit   'object.fromentries': [ '2.0.8' ],
62 silly audit   'object.groupby': [ '1.0.3' ],
62 silly audit   'object.values': [ '1.2.0' ],
62 silly audit   once: [ '1.4.0' ],
62 silly audit   optionator: [ '0.9.4' ],
62 silly audit   'p-limit': [ '3.1.0' ],
62 silly audit   'p-locate': [ '5.0.0' ],
62 silly audit   'parent-module': [ '1.0.1' ],
62 silly audit   'path-exists': [ '4.0.0' ],
62 silly audit   'path-is-absolute': [ '1.0.1' ],
62 silly audit   'path-key': [ '3.1.1' ],
62 silly audit   'path-parse': [ '1.0.7' ],
62 silly audit   'path-scurry': [ '1.11.1' ],
62 silly audit   picocolors: [ '1.1.0' ],
62 silly audit   picomatch: [ '2.3.1' ],
62 silly audit   pify: [ '2.3.0' ],
62 silly audit   pirates: [ '4.0.6' ],
62 silly audit   'possible-typed-array-names': [ '1.0.0' ],
62 silly audit   'postcss-import': [ '15.1.0' ],
62 silly audit   'postcss-js': [ '4.0.1' ],
62 silly audit   'postcss-load-config': [ '4.0.2' ],
62 silly audit   'postcss-nested': [ '6.2.0' ],
62 silly audit   'postcss-selector-parser': [ '6.1.2' ],
62 silly audit   'postcss-value-parser': [ '4.2.0' ],
62 silly audit   'prelude-ls': [ '1.2.1' ],
62 silly audit   'prop-types': [ '15.8.1' ],
62 silly audit   punycode: [ '2.3.1' ],
62 silly audit   'queue-microtask': [ '1.2.3' ],
62 silly audit   react: [ '18.3.1' ],
62 silly audit   'react-dom': [ '18.3.1' ],
62 silly audit   'react-is': [ '16.13.1' ],
62 silly audit   'react-remove-scroll': [ '2.6.0' ],
62 silly audit   'react-remove-scroll-bar': [ '2.3.6' ],
62 silly audit   'react-style-singleton': [ '2.2.1' ],
62 silly audit   'read-cache': [ '1.0.0' ],
62 silly audit   readdirp: [ '3.6.0' ],
62 silly audit   'reflect.getprototypeof': [ '1.0.6' ],
62 silly audit   'regexp.prototype.flags': [ '1.5.3' ],
62 silly audit   'resolve-from': [ '4.0.0' ],
62 silly audit   'resolve-pkg-maps': [ '1.0.0' ],
62 silly audit   reusify: [ '1.0.4' ],
62 silly audit   rimraf: [ '3.0.2' ],
62 silly audit   'run-parallel': [ '1.2.0' ],
62 silly audit   'safe-array-concat': [ '1.1.2' ],
62 silly audit   'safe-regex-test': [ '1.0.3' ],
62 silly audit   scheduler: [ '0.23.2' ],
62 silly audit   'set-function-length': [ '1.2.2' ],
62 silly audit   'set-function-name': [ '2.0.2' ],
62 silly audit   'shebang-command': [ '2.0.0' ],
62 silly audit   'shebang-regex': [ '3.0.0' ],
62 silly audit   'side-channel': [ '1.0.6' ],
62 silly audit   'signal-exit': [ '4.1.0' ],
62 silly audit   'source-map-js': [ '1.2.1' ],
62 silly audit   'stop-iteration-iterator': [ '1.0.0' ],
62 silly audit   streamsearch: [ '1.1.0' ],
62 silly audit   'string-width': [ '5.1.2', '4.2.3' ],
62 silly audit   'string.prototype.includes': [ '2.0.0' ],
62 silly audit   'string.prototype.matchall': [ '4.0.11' ],
62 silly audit   'string.prototype.repeat': [ '1.0.0' ],
62 silly audit   'string.prototype.trim': [ '1.2.9' ],
62 silly audit   'string.prototype.trimend': [ '1.0.8' ],
62 silly audit   'string.prototype.trimstart': [ '1.0.8' ],
62 silly audit   'strip-bom': [ '3.0.0' ],
62 silly audit   'strip-json-comments': [ '3.1.1' ],
62 silly audit   'styled-jsx': [ '5.1.1' ],
62 silly audit   sucrase: [ '3.35.0' ],
62 silly audit   'supports-color': [ '7.2.0' ],
62 silly audit   'supports-preserve-symlinks-flag': [ '1.0.0' ],
62 silly audit   'tailwind-merge': [ '2.5.3' ],
62 silly audit   tailwindcss: [ '3.4.13' ],
62 silly audit   'tailwindcss-animate': [ '1.0.7' ],
62 silly audit   tapable: [ '2.2.1' ],
62 silly audit   'text-table': [ '0.2.0' ],
62 silly audit   thenify: [ '3.3.1' ],
62 silly audit   'thenify-all': [ '1.6.0' ],
62 silly audit   'to-regex-range': [ '5.0.1' ],
62 silly audit   'ts-api-utils': [ '1.3.0' ],
62 silly audit   'ts-interface-checker': [ '0.1.13' ],
62 silly audit   'tsconfig-paths': [ '3.15.0' ],
62 silly audit   tslib: [ '2.7.0' ],
62 silly audit   'type-check': [ '0.4.0' ],
62 silly audit   'type-fest': [ '0.20.2' ],
62 silly audit   'typed-array-buffer': [ '1.0.2' ],
62 silly audit   'typed-array-byte-length': [ '1.0.1' ],
62 silly audit   'typed-array-byte-offset': [ '1.0.2' ],
62 silly audit   'typed-array-length': [ '1.0.6' ],
62 silly audit   typescript: [ '5.6.2' ],
62 silly audit   'unbox-primitive': [ '1.0.2' ],
62 silly audit   'undici-types': [ '6.19.8' ],
62 silly audit   'uri-js': [ '4.4.1' ],
62 silly audit   'use-callback-ref': [ '1.3.2' ],
62 silly audit   'use-sidecar': [ '1.1.2' ],
62 silly audit   'util-deprecate': [ '1.0.2' ],
62 silly audit   which: [ '2.0.2' ],
62 silly audit   'which-boxed-primitive': [ '1.0.2' ],
62 silly audit   'which-builtin-type': [ '1.1.4' ],
62 silly audit   'which-collection': [ '1.0.2' ],
62 silly audit   'which-typed-array': [ '1.1.15' ],
62 silly audit   'word-wrap': [ '1.2.5' ],
62 silly audit   'wrap-ansi': [ '8.1.0', '7.0.0' ],
62 silly audit   wrappy: [ '1.0.2' ],
62 silly audit   yaml: [ '2.5.1' ],
62 silly audit   'yocto-queue': [ '0.1.0' ],
62 silly audit   '@radix-ui/react-avatar': [ '1.1.1' ],
62 silly audit   '@radix-ui/react-dropdown-menu': [ '2.1.2' ],
62 silly audit   '@radix-ui/react-label': [ '2.1.0' ],
62 silly audit   '@radix-ui/react-select': [ '2.1.2' ],
62 silly audit   '@radix-ui/react-slot': [ '1.1.0' ],
62 silly audit   '@radix-ui/react-tabs': [ '1.1.1' ]
62 silly audit }
63 verbose reify failed optional dependency C:\Users\saadr\Desktop\UpdatedFyp\textile-plm-digitalisation\node_modules\fsevents
64 silly reify mark deleted [
64 silly reify   'C:\\Users\\saadr\\Desktop\\UpdatedFyp\\textile-plm-digitalisation\\node_modules\\fsevents'
64 silly reify ]
65 verbose reify failed optional dependency C:\Users\saadr\Desktop\UpdatedFyp\textile-plm-digitalisation\node_modules\@next\swc-win32-ia32-msvc
66 silly reify mark deleted [
66 silly reify   'C:\\Users\\saadr\\Desktop\\UpdatedFyp\\textile-plm-digitalisation\\node_modules\\@next\\swc-win32-ia32-msvc'
66 silly reify ]
67 verbose reify failed optional dependency C:\Users\saadr\Desktop\UpdatedFyp\textile-plm-digitalisation\node_modules\@next\swc-win32-arm64-msvc
68 silly reify mark deleted [
68 silly reify   'C:\\Users\\saadr\\Desktop\\UpdatedFyp\\textile-plm-digitalisation\\node_modules\\@next\\swc-win32-arm64-msvc'
68 silly reify ]
69 verbose reify failed optional dependency C:\Users\saadr\Desktop\UpdatedFyp\textile-plm-digitalisation\node_modules\@next\swc-linux-x64-musl
70 silly reify mark deleted [
70 silly reify   'C:\\Users\\saadr\\Desktop\\UpdatedFyp\\textile-plm-digitalisation\\node_modules\\@next\\swc-linux-x64-musl'
70 silly reify ]
71 verbose reify failed optional dependency C:\Users\saadr\Desktop\UpdatedFyp\textile-plm-digitalisation\node_modules\@next\swc-linux-x64-gnu
72 silly reify mark deleted [
72 silly reify   'C:\\Users\\saadr\\Desktop\\UpdatedFyp\\textile-plm-digitalisation\\node_modules\\@next\\swc-linux-x64-gnu'
72 silly reify ]
73 verbose reify failed optional dependency C:\Users\saadr\Desktop\UpdatedFyp\textile-plm-digitalisation\node_modules\@next\swc-linux-arm64-musl
74 silly reify mark deleted [
74 silly reify   'C:\\Users\\saadr\\Desktop\\UpdatedFyp\\textile-plm-digitalisation\\node_modules\\@next\\swc-linux-arm64-musl'
74 silly reify ]
75 verbose reify failed optional dependency C:\Users\saadr\Desktop\UpdatedFyp\textile-plm-digitalisation\node_modules\@next\swc-linux-arm64-gnu
76 silly reify mark deleted [
76 silly reify   'C:\\Users\\saadr\\Desktop\\UpdatedFyp\\textile-plm-digitalisation\\node_modules\\@next\\swc-linux-arm64-gnu'
76 silly reify ]
77 verbose reify failed optional dependency C:\Users\saadr\Desktop\UpdatedFyp\textile-plm-digitalisation\node_modules\@next\swc-darwin-x64
78 silly reify mark deleted [
78 silly reify   'C:\\Users\\saadr\\Desktop\\UpdatedFyp\\textile-plm-digitalisation\\node_modules\\@next\\swc-darwin-x64'
78 silly reify ]
79 verbose reify failed optional dependency C:\Users\saadr\Desktop\UpdatedFyp\textile-plm-digitalisation\node_modules\@next\swc-darwin-arm64
80 silly reify mark deleted [
80 silly reify   'C:\\Users\\saadr\\Desktop\\UpdatedFyp\\textile-plm-digitalisation\\node_modules\\@next\\swc-darwin-arm64'
80 silly reify ]
81 http fetch POST 200 https://registry.npmjs.org/-/npm/v1/security/advisories/bulk 429ms
82 silly audit report {}
83 silly ADD
84 silly ADD
85 silly ADD
86 silly ADD
87 silly ADD
88 silly ADD
89 silly ADD
90 silly ADD
91 silly ADD
92 verbose cwd C:\Users\saadr\Desktop\UpdatedFyp\textile-plm-digitalisation
93 verbose os Windows_NT 10.0.22631
94 verbose node v22.3.0
95 verbose npm  v10.8.1
96 verbose exit 0
97 info ok
