0 verbose cli C:\Program Files\nodejs\node.exe C:\Program Files\nodejs\node_modules\npm\bin\npm-cli.js
1 info using npm@10.8.1
2 info using node@v22.3.0
3 silly config load:file:C:\Program Files\nodejs\node_modules\npm\npmrc
4 silly config load:file:C:\Users\saadr\Desktop\UpdatedFyp\textile-plm-digitalisation\.npmrc
5 silly config load:file:C:\Users\saadr\.npmrc
6 silly config load:file:C:\Users\saadr\AppData\Roaming\npm\etc\npmrc
7 verbose title npm exec shadcn@latest add https://v0.dev/chat/b/b_njf3jJn9ea8?token=eyJhbGciOiJkaXIiLCJlbmMiOiJBMjU2R0NNIn0..rIzgTfIZG_GSRBE5.px6j8H8NoDLjq2YtNAs7hhdZusjK0OI9FlNhEzQ2OG3IXhK142KgJj2GNTg.3JXpfWwIZ1nwLN7CoaG8pg
8 verbose argv "exec" "--" "shadcn@latest" "add" "https://v0.dev/chat/b/b_njf3jJn9ea8?token=eyJhbGciOiJkaXIiLCJlbmMiOiJBMjU2R0NNIn0..rIzgTfIZG_GSRBE5.px6j8H8NoDLjq2YtNAs7hhdZusjK0OI9FlNhEzQ2OG3IXhK142KgJj2GNTg.3JXpfWwIZ1nwLN7CoaG8pg"
9 verbose logfile logs-max:10 dir:C:\Users\saadr\Desktop\UpdatedFyp\textile-plm-digitalisation\%APPDATA%\npm-cache\_logs\2024-10-06T21_17_29_925Z-
10 verbose logfile C:\Users\saadr\Desktop\UpdatedFyp\textile-plm-digitalisation\%APPDATA%\npm-cache\_logs\2024-10-06T21_17_29_925Z-debug-0.log
11 silly logfile start cleaning logs, removing 1 files
12 silly logfile done cleaning log files
13 silly packumentCache heap:4345298944 maxSize:1086324736 maxEntrySize:543162368
14 http fetch GET 200 https://registry.npmjs.org/shadcn 852ms (cache revalidated)
15 silly packumentCache heap:4345298944 maxSize:1086324736 maxEntrySize:543162368
16 silly packumentCache heap:4345298944 maxSize:1086324736 maxEntrySize:543162368
17 verbose cwd C:\Users\saadr\Desktop\UpdatedFyp\textile-plm-digitalisation
18 verbose os Windows_NT 10.0.22631
19 verbose node v22.3.0
20 verbose npm  v10.8.1
21 verbose exit 0
22 info ok
