0 verbose cli C:\Program Files\nodejs\node.exe C:\Program Files\nodejs\node_modules\npm\bin\npm-cli.js
1 info using npm@10.8.1
2 info using node@v22.3.0
3 silly config load:file:C:\Program Files\nodejs\node_modules\npm\npmrc
4 silly config load:file:C:\Users\saadr\Desktop\UpdatedFyp\textile-plm-digitalisation\.npmrc
5 silly config load:file:C:\Users\saadr\.npmrc
6 silly config load:file:C:\Users\saadr\AppData\Roaming\npm\etc\npmrc
7 verbose title npm install @radix-ui/react-popover @radix-ui/react-slot @radix-ui/react-command lucide-react
8 verbose argv "install" "@radix-ui/react-popover" "@radix-ui/react-slot" "@radix-ui/react-command" "lucide-react"
9 verbose logfile logs-max:10 dir:C:\Users\saadr\Desktop\UpdatedFyp\textile-plm-digitalisation\%APPDATA%\npm-cache\_logs\2024-10-07T10_04_02_247Z-
10 verbose logfile C:\Users\saadr\Desktop\UpdatedFyp\textile-plm-digitalisation\%APPDATA%\npm-cache\_logs\2024-10-07T10_04_02_247Z-debug-0.log
11 silly packumentCache heap:4345298944 maxSize:1086324736 maxEntrySize:543162368
12 silly logfile start cleaning logs, removing 2 files
13 silly logfile done cleaning log files
14 silly idealTree buildDeps
15 silly fetch manifest @radix-ui/react-popover@^1.1.2
16 silly packumentCache full:https://registry.npmjs.org/@radix-ui%2freact-popover cache-miss
17 http fetch GET 200 https://registry.npmjs.org/@radix-ui%2freact-popover 1043ms (cache miss)
18 silly packumentCache full:https://registry.npmjs.org/@radix-ui%2freact-popover set size:undefined disposed:false
19 silly fetch manifest @types/react@^18
20 silly packumentCache full:https://registry.npmjs.org/@types%2freact cache-miss
21 http fetch GET 200 https://registry.npmjs.org/@types%2freact 362ms (cache miss)
22 silly packumentCache full:https://registry.npmjs.org/@types%2freact set size:undefined disposed:false
23 silly fetch manifest @types/react-dom@^18
24 silly packumentCache full:https://registry.npmjs.org/@types%2freact-dom cache-miss
25 http fetch GET 200 https://registry.npmjs.org/@types%2freact-dom 216ms (cache miss)
26 silly packumentCache full:https://registry.npmjs.org/@types%2freact-dom set size:undefined disposed:false
27 silly fetch manifest react@^18
28 silly packumentCache full:https://registry.npmjs.org/react cache-miss
29 http fetch GET 200 https://registry.npmjs.org/react 453ms (cache miss)
30 silly packumentCache full:https://registry.npmjs.org/react set size:undefined disposed:false
31 silly fetch manifest react-dom@^18
32 silly packumentCache full:https://registry.npmjs.org/react-dom cache-miss
33 http fetch GET 200 https://registry.npmjs.org/react-dom 383ms (cache miss)
34 silly packumentCache full:https://registry.npmjs.org/react-dom set size:undefined disposed:false
35 silly fetch manifest @radix-ui/react-slot@^1.1.0
36 silly packumentCache full:https://registry.npmjs.org/@radix-ui%2freact-slot cache-miss
37 http fetch GET 200 https://registry.npmjs.org/@radix-ui%2freact-slot 253ms (cache miss)
38 silly packumentCache full:https://registry.npmjs.org/@radix-ui%2freact-slot set size:undefined disposed:false
39 silly fetch manifest lucide-react@^0.447.0
40 silly packumentCache full:https://registry.npmjs.org/lucide-react cache-miss
41 http fetch GET 200 https://registry.npmjs.org/lucide-react 281ms (cache miss)
42 silly packumentCache full:https://registry.npmjs.org/lucide-react set size:undefined disposed:false
43 silly fetch manifest @radix-ui/react-command@*
44 silly packumentCache full:https://registry.npmjs.org/@radix-ui%2freact-command cache-miss
45 http fetch GET 404 https://registry.npmjs.org/@radix-ui%2freact-command 712ms (cache skip)
46 silly placeDep ROOT @radix-ui/react-command@ OK for: textile-plm-digitalisation@0.1.0 want: *
47 silly placeDep ROOT @radix-ui/react-popover@1.1.2 REPLACE for: textile-plm-digitalisation@0.1.0 want: ^1.1.2
48 silly placeDep ROOT @radix-ui/react-slot@1.1.0 REPLACE for: textile-plm-digitalisation@0.1.0 want: ^1.1.0
49 silly placeDep ROOT lucide-react@0.447.0 REPLACE for: textile-plm-digitalisation@0.1.0 want: ^0.447.0
50 verbose stack HttpErrorGeneral: 404 Not Found - GET https://registry.npmjs.org/@radix-ui%2freact-command - Not found
50 verbose stack     at C:\Program Files\nodejs\node_modules\npm\node_modules\npm-registry-fetch\lib\check-response.js:95:15
50 verbose stack     at process.processTicksAndRejections (node:internal/process/task_queues:95:5)
50 verbose stack     at async RegistryFetcher.packument (C:\Program Files\nodejs\node_modules\npm\node_modules\pacote\lib\registry.js:90:19)
50 verbose stack     at async RegistryFetcher.manifest (C:\Program Files\nodejs\node_modules\npm\node_modules\pacote\lib\registry.js:128:23)
50 verbose stack     at async #fetchManifest (C:\Program Files\nodejs\node_modules\npm\node_modules\@npmcli\arborist\lib\arborist\build-ideal-tree.js:1199:20)
50 verbose stack     at async #nodeFromEdge (C:\Program Files\nodejs\node_modules\npm\node_modules\@npmcli\arborist\lib\arborist\build-ideal-tree.js:1037:19)
50 verbose stack     at async #buildDepStep (C:\Program Files\nodejs\node_modules\npm\node_modules\@npmcli\arborist\lib\arborist\build-ideal-tree.js:901:11)
50 verbose stack     at async Arborist.buildIdealTree (C:\Program Files\nodejs\node_modules\npm\node_modules\@npmcli\arborist\lib\arborist\build-ideal-tree.js:181:7)
50 verbose stack     at async Promise.all (index 1)
50 verbose stack     at async Arborist.reify (C:\Program Files\nodejs\node_modules\npm\node_modules\@npmcli\arborist\lib\arborist\reify.js:131:5)
51 verbose statusCode 404
52 verbose pkgid @radix-ui/react-command@*
53 error code E404
54 error 404 Not Found - GET https://registry.npmjs.org/@radix-ui%2freact-command - Not found
55 error 404
56 error 404  '@radix-ui/react-command@*' is not in this registry.
57 error 404
58 error 404 Note that you can also install from a
59 error 404 tarball, folder, http url, or git url.
60 silly unfinished npm timer reify 1728295442824
61 silly unfinished npm timer reify:loadTrees 1728295442830
62 verbose cwd C:\Users\saadr\Desktop\UpdatedFyp\textile-plm-digitalisation
63 verbose os Windows_NT 10.0.22631
64 verbose node v22.3.0
65 verbose npm  v10.8.1
66 verbose exit 1
67 verbose code 1
68 error A complete log of this run can be found in: C:\Users\saadr\Desktop\UpdatedFyp\textile-plm-digitalisation\%APPDATA%\npm-cache\_logs\2024-10-07T10_04_02_247Z-debug-0.log
