0 verbose cli C:\Program Files\nodejs\node.exe C:\Program Files\nodejs\node_modules\npm\bin\npm-cli.js
1 info using npm@10.8.1
2 info using node@v22.3.0
3 silly config load:file:C:\Program Files\nodejs\node_modules\npm\npmrc
4 silly config load:file:C:\Users\saadr\Desktop\FYP-1\manufacturing-progress-tracker\.npmrc
5 silly config load:file:C:\Users\saadr\.npmrc
6 silly config load:file:C:\Users\saadr\AppData\Roaming\npm\etc\npmrc
7 verbose title npm install framer-motion @radix-ui/react-slot @radix-ui/react-label @radix-ui/react-dialog @radix-ui/react-select @radix-ui/react-checkbox @radix-ui/react-scroll-area @radix-ui/react-popover @radix-ui/react-alert-dialog
8 verbose argv "install" "framer-motion" "@radix-ui/react-slot" "@radix-ui/react-label" "@radix-ui/react-dialog" "@radix-ui/react-select" "@radix-ui/react-checkbox" "@radix-ui/react-scroll-area" "@radix-ui/react-popover" "@radix-ui/react-alert-dialog"
9 verbose logfile logs-max:10 dir:C:\Users\saadr\Desktop\FYP-1\manufacturing-progress-tracker\%APPDATA%\npm-cache\_logs\2024-10-26T21_03_45_246Z-
10 verbose logfile C:\Users\saadr\Desktop\FYP-1\manufacturing-progress-tracker\%APPDATA%\npm-cache\_logs\2024-10-26T21_03_45_246Z-debug-0.log
11 silly packumentCache heap:4345298944 maxSize:1086324736 maxEntrySize:543162368
12 silly logfile start cleaning logs, removing 1 files
13 silly logfile done cleaning log files
14 silly idealTree buildDeps
15 silly fetch manifest @radix-ui/react-checkbox@^1.1.2
16 silly packumentCache full:https://registry.npmjs.org/@radix-ui%2freact-checkbox cache-miss
17 http fetch GET 200 https://registry.npmjs.org/@radix-ui%2freact-checkbox 747ms (cache revalidated)
18 silly packumentCache full:https://registry.npmjs.org/@radix-ui%2freact-checkbox set size:581057 disposed:false
19 silly fetch manifest @types/react@^18
20 silly packumentCache full:https://registry.npmjs.org/@types%2freact cache-miss
21 http fetch GET 200 https://registry.npmjs.org/@types%2freact 159ms (cache revalidated)
22 silly packumentCache full:https://registry.npmjs.org/@types%2freact set size:2224149 disposed:false
23 silly fetch manifest @types/react-dom@^18
24 silly packumentCache full:https://registry.npmjs.org/@types%2freact-dom cache-miss
25 http fetch GET 200 https://registry.npmjs.org/@types%2freact-dom 166ms (cache revalidated)
26 silly packumentCache full:https://registry.npmjs.org/@types%2freact-dom set size:350529 disposed:false
27 silly fetch manifest react@^18
28 silly packumentCache full:https://registry.npmjs.org/react cache-miss
29 http fetch GET 200 https://registry.npmjs.org/react 184ms (cache revalidated)
30 silly packumentCache full:https://registry.npmjs.org/react set size:5095896 disposed:false
31 silly fetch manifest react-dom@^18
32 silly packumentCache full:https://registry.npmjs.org/react-dom cache-miss
33 http fetch GET 200 https://registry.npmjs.org/react-dom 160ms (cache revalidated)
34 silly packumentCache full:https://registry.npmjs.org/react-dom set size:6212001 disposed:false
35 silly fetch manifest @radix-ui/react-dialog@^1.1.2
36 silly packumentCache full:https://registry.npmjs.org/@radix-ui%2freact-dialog cache-miss
37 http fetch GET 200 https://registry.npmjs.org/@radix-ui%2freact-dialog 175ms (cache revalidated)
38 silly packumentCache full:https://registry.npmjs.org/@radix-ui%2freact-dialog set size:714041 disposed:false
39 silly fetch manifest @radix-ui/react-label@^2.1.0
40 silly packumentCache full:https://registry.npmjs.org/@radix-ui%2freact-label cache-miss
41 http fetch GET 200 https://registry.npmjs.org/@radix-ui%2freact-label 362ms (cache revalidated)
42 silly packumentCache full:https://registry.npmjs.org/@radix-ui%2freact-label set size:452916 disposed:false
43 silly fetch manifest @radix-ui/react-popover@^1.1.2
44 silly packumentCache full:https://registry.npmjs.org/@radix-ui%2freact-popover cache-miss
45 http fetch GET 200 https://registry.npmjs.org/@radix-ui%2freact-popover 456ms (cache miss)
46 silly packumentCache full:https://registry.npmjs.org/@radix-ui%2freact-popover set size:undefined disposed:false
47 silly fetch manifest @radix-ui/react-scroll-area@^1.2.0
48 silly packumentCache full:https://registry.npmjs.org/@radix-ui%2freact-scroll-area cache-miss
49 http fetch GET 200 https://registry.npmjs.org/@radix-ui%2freact-scroll-area 349ms (cache revalidated)
50 silly packumentCache full:https://registry.npmjs.org/@radix-ui%2freact-scroll-area set size:612341 disposed:false
51 silly fetch manifest @radix-ui/react-select@^2.1.2
52 silly packumentCache full:https://registry.npmjs.org/@radix-ui%2freact-select cache-miss
53 http fetch GET 200 https://registry.npmjs.org/@radix-ui%2freact-select 346ms (cache revalidated)
54 silly packumentCache full:https://registry.npmjs.org/@radix-ui%2freact-select set size:586617 disposed:false
55 silly fetch manifest @radix-ui/react-slot@^1.1.0
56 silly packumentCache full:https://registry.npmjs.org/@radix-ui%2freact-slot cache-miss
57 http fetch GET 200 https://registry.npmjs.org/@radix-ui%2freact-slot 348ms (cache revalidated)
58 silly packumentCache full:https://registry.npmjs.org/@radix-ui%2freact-slot set size:272432 disposed:false
59 silly fetch manifest framer-motion@^11.11.1
60 silly packumentCache full:https://registry.npmjs.org/framer-motion cache-miss
61 http fetch GET 200 https://registry.npmjs.org/framer-motion 404ms (cache miss)
62 silly packumentCache full:https://registry.npmjs.org/framer-motion set size:undefined disposed:false
63 silly fetch manifest @emotion/is-prop-valid@*
64 silly packumentCache full:https://registry.npmjs.org/@emotion%2fis-prop-valid cache-miss
65 http fetch GET 200 https://registry.npmjs.org/@emotion%2fis-prop-valid 172ms (cache miss)
66 silly packumentCache full:https://registry.npmjs.org/@emotion%2fis-prop-valid set size:undefined disposed:false
67 silly fetch manifest @radix-ui/react-alert-dialog@*
68 silly packumentCache full:https://registry.npmjs.org/@radix-ui%2freact-alert-dialog cache-miss
69 http fetch GET 200 https://registry.npmjs.org/@radix-ui%2freact-alert-dialog 353ms (cache miss)
70 silly packumentCache full:https://registry.npmjs.org/@radix-ui%2freact-alert-dialog set size:undefined disposed:false
71 silly placeDep ROOT @radix-ui/react-alert-dialog@1.1.2 OK for: textile-plm-digitalisation@0.1.0 want: *
72 silly placeDep ROOT @radix-ui/react-checkbox@1.1.2 REPLACE for: textile-plm-digitalisation@0.1.0 want: ^1.1.2
73 silly placeDep ROOT @radix-ui/react-dialog@1.1.2 REPLACE for: textile-plm-digitalisation@0.1.0 want: ^1.1.2
74 silly placeDep ROOT @radix-ui/react-label@2.1.0 REPLACE for: textile-plm-digitalisation@0.1.0 want: ^2.1.0
75 silly placeDep ROOT @radix-ui/react-popover@1.1.2 REPLACE for: textile-plm-digitalisation@0.1.0 want: ^1.1.2
76 silly placeDep ROOT @radix-ui/react-scroll-area@1.2.0 REPLACE for: textile-plm-digitalisation@0.1.0 want: ^1.2.0
77 silly placeDep ROOT @radix-ui/react-select@2.1.2 REPLACE for: textile-plm-digitalisation@0.1.0 want: ^2.1.2
78 silly placeDep ROOT @radix-ui/react-slot@1.1.0 REPLACE for: textile-plm-digitalisation@0.1.0 want: ^1.1.0
79 silly placeDep ROOT framer-motion@11.11.10 REPLACE for: textile-plm-digitalisation@0.1.0 want: ^11.11.1
80 silly reify mark retired [
80 silly reify   'C:\\Users\\saadr\\Desktop\\FYP-1\\manufacturing-progress-tracker\\node_modules\\framer-motion'
80 silly reify ]
81 silly reify moves {
81 silly reify   'C:\\Users\\saadr\\Desktop\\FYP-1\\manufacturing-progress-tracker\\node_modules\\framer-motion': 'C:\\Users\\saadr\\Desktop\\FYP-1\\manufacturing-progress-tracker\\node_modules\\.framer-motion-eb7NSrid'
81 silly reify }
82 silly audit bulk request {
82 silly audit   '@alloc/quick-lru': [ '5.2.0' ],
82 silly audit   '@babel/runtime': [ '7.25.7' ],
82 silly audit   '@clerk/backend': [ '1.13.9' ],
82 silly audit   tslib: [ '2.4.1', '2.7.0' ],
82 silly audit   '@clerk/clerk-react': [ '5.11.0' ],
82 silly audit   '@clerk/nextjs': [ '5.7.2' ],
82 silly audit   '@clerk/shared': [ '2.9.0' ],
82 silly audit   '@clerk/types': [ '4.25.0' ],
82 silly audit   csstype: [ '3.1.1', '3.1.3' ],
82 silly audit   '@eslint-community/eslint-utils': [ '4.4.0' ],
82 silly audit   '@eslint-community/regexpp': [ '4.11.1' ],
82 silly audit   '@eslint/eslintrc': [ '2.1.4' ],
82 silly audit   '@eslint/js': [ '8.57.1' ],
82 silly audit   '@floating-ui/core': [ '1.6.8' ],
82 silly audit   '@floating-ui/dom': [ '1.6.11' ],
82 silly audit   '@floating-ui/react-dom': [ '2.1.2' ],
82 silly audit   '@floating-ui/utils': [ '0.2.8' ],
82 silly audit   '@humanwhocodes/config-array': [ '0.13.0' ],
82 silly audit   '@humanwhocodes/module-importer': [ '1.0.1' ],
82 silly audit   '@humanwhocodes/object-schema': [ '2.0.3' ],
82 silly audit   '@isaacs/cliui': [ '8.0.2' ],
82 silly audit   'ansi-regex': [ '6.1.0', '5.0.1' ],
82 silly audit   'strip-ansi': [ '7.1.0', '6.0.1' ],
82 silly audit   '@jridgewell/gen-mapping': [ '0.3.5' ],
82 silly audit   '@jridgewell/resolve-uri': [ '3.1.2' ],
82 silly audit   '@jridgewell/set-array': [ '1.2.1' ],
82 silly audit   '@jridgewell/sourcemap-codec': [ '1.5.0' ],
82 silly audit   '@jridgewell/trace-mapping': [ '0.3.25' ],
82 silly audit   '@next/env': [ '14.2.14' ],
82 silly audit   '@next/eslint-plugin-next': [ '14.2.14' ],
82 silly audit   '@next/swc-darwin-arm64': [ '14.2.14' ],
82 silly audit   '@next/swc-darwin-x64': [ '14.2.14' ],
82 silly audit   '@next/swc-linux-arm64-gnu': [ '14.2.14' ],
82 silly audit   '@next/swc-linux-arm64-musl': [ '14.2.14' ],
82 silly audit   '@next/swc-linux-x64-gnu': [ '14.2.14' ],
82 silly audit   '@next/swc-linux-x64-musl': [ '14.2.14' ],
82 silly audit   '@next/swc-win32-arm64-msvc': [ '14.2.14' ],
82 silly audit   '@next/swc-win32-ia32-msvc': [ '14.2.14' ],
82 silly audit   '@next/swc-win32-x64-msvc': [ '14.2.14' ],
82 silly audit   '@nodelib/fs.scandir': [ '2.1.5' ],
82 silly audit   '@nodelib/fs.stat': [ '2.0.5' ],
82 silly audit   '@nodelib/fs.walk': [ '1.2.8' ],
82 silly audit   '@nolyfill/is-core-module': [ '1.0.39' ],
82 silly audit   '@pkgjs/parseargs': [ '0.11.0' ],
82 silly audit   '@prisma/client': [ '5.20.0' ],
82 silly audit   '@prisma/debug': [ '5.20.0' ],
82 silly audit   '@prisma/engines': [ '5.20.0' ],
82 silly audit   '@prisma/engines-version': [ '5.20.0-12.06fc58a368dc7be9fbbbe894adf8d445d208c284' ],
82 silly audit   '@prisma/fetch-engine': [ '5.20.0' ],
82 silly audit   '@prisma/get-platform': [ '5.20.0' ],
82 silly audit   '@radix-ui/number': [ '1.1.0' ],
82 silly audit   '@radix-ui/primitive': [ '1.1.0', '1.0.1' ],
82 silly audit   '@radix-ui/react-arrow': [ '1.1.0' ],
82 silly audit   '@radix-ui/react-avatar': [ '1.1.1' ],
82 silly audit   '@radix-ui/react-collection': [ '1.1.0' ],
82 silly audit   '@radix-ui/react-context': [ '1.1.0', '1.1.1', '1.0.1' ],
82 silly audit   '@radix-ui/react-compose-refs': [ '1.1.0', '1.0.1' ],
82 silly audit   '@radix-ui/react-dialog': [ '1.0.5', '1.1.2' ],
82 silly audit   '@radix-ui/react-direction': [ '1.1.0' ],
82 silly audit   '@radix-ui/react-dismissable-layer': [ '1.1.1', '1.0.5' ],
82 silly audit   '@radix-ui/react-dropdown-menu': [ '2.1.2' ],
82 silly audit   '@radix-ui/react-focus-guards': [ '1.1.1', '1.0.1' ],
82 silly audit   '@radix-ui/react-focus-scope': [ '1.1.0', '1.0.4' ],
82 silly audit   '@radix-ui/react-id': [ '1.1.0', '1.0.1' ],
82 silly audit   '@radix-ui/react-menu': [ '2.1.2' ],
82 silly audit   '@radix-ui/react-popper': [ '1.2.0' ],
82 silly audit   '@radix-ui/react-portal': [ '1.1.2', '1.0.4' ],
82 silly audit   '@radix-ui/react-presence': [ '1.1.1', '1.0.1' ],
82 silly audit   '@radix-ui/react-primitive': [ '2.0.0', '1.0.3' ],
82 silly audit   '@radix-ui/react-roving-focus': [ '1.1.0' ],
82 silly audit   '@radix-ui/react-slot': [ '1.0.2', '1.1.0' ],
82 silly audit   '@radix-ui/react-switch': [ '1.1.1' ],
82 silly audit   '@radix-ui/react-tabs': [ '1.1.1' ],
82 silly audit   '@radix-ui/react-use-callback-ref': [ '1.1.0', '1.0.1' ],
82 silly audit   '@radix-ui/react-use-controllable-state': [ '1.1.0', '1.0.1' ],
82 silly audit   '@radix-ui/react-use-escape-keydown': [ '1.1.0', '1.0.3' ],
82 silly audit   '@radix-ui/react-use-layout-effect': [ '1.1.0', '1.0.1' ],
82 silly audit   '@radix-ui/react-use-previous': [ '1.1.0' ],
82 silly audit   '@radix-ui/react-use-rect': [ '1.1.0' ],
82 silly audit   '@radix-ui/react-use-size': [ '1.1.0' ],
82 silly audit   '@radix-ui/react-visually-hidden': [ '1.1.0' ],
82 silly audit   '@radix-ui/rect': [ '1.1.0' ],
82 silly audit   '@rtsao/scc': [ '1.1.0' ],
82 silly audit   '@rushstack/eslint-patch': [ '1.10.4' ],
82 silly audit   '@swc/counter': [ '0.1.3' ],
82 silly audit   '@swc/helpers': [ '0.5.5' ],
82 silly audit   '@types/json5': [ '0.0.29' ],
82 silly audit   '@types/node': [ '20.16.10' ],
82 silly audit   '@types/prop-types': [ '15.7.13' ],
82 silly audit   '@types/react': [ '18.3.11' ],
82 silly audit   '@types/react-dom': [ '18.3.0' ],
82 silly audit   '@typescript-eslint/eslint-plugin': [ '8.8.0' ],
82 silly audit   '@typescript-eslint/parser': [ '8.8.0' ],
82 silly audit   '@typescript-eslint/scope-manager': [ '8.8.0' ],
82 silly audit   '@typescript-eslint/type-utils': [ '8.8.0' ],
82 silly audit   '@typescript-eslint/types': [ '8.8.0' ],
82 silly audit   '@typescript-eslint/typescript-estree': [ '8.8.0' ],
82 silly audit   'brace-expansion': [ '2.0.1', '1.1.11' ],
82 silly audit   minimatch: [ '9.0.5', '3.1.2' ],
82 silly audit   '@typescript-eslint/utils': [ '8.8.0' ],
82 silly audit   '@typescript-eslint/visitor-keys': [ '8.8.0' ],
82 silly audit   '@ungap/structured-clone': [ '1.2.0' ],
82 silly audit   acorn: [ '8.12.1' ],
82 silly audit   'acorn-jsx': [ '5.3.2' ],
82 silly audit   ajv: [ '6.12.6' ],
82 silly audit   'ansi-styles': [ '4.3.0', '6.2.1' ],
82 silly audit   'any-promise': [ '1.3.0' ],
82 silly audit   anymatch: [ '3.1.3' ],
82 silly audit   arg: [ '5.0.2' ],
82 silly audit   argparse: [ '2.0.1' ],
82 silly audit   'aria-hidden': [ '1.2.4' ],
82 silly audit   'aria-query': [ '5.1.3' ],
82 silly audit   'array-buffer-byte-length': [ '1.0.1' ],
82 silly audit   'array-includes': [ '3.1.8' ],
82 silly audit   'array.prototype.findlast': [ '1.2.5' ],
82 silly audit   'array.prototype.findlastindex': [ '1.2.5' ],
82 silly audit   'array.prototype.flat': [ '1.3.2' ],
82 silly audit   'array.prototype.flatmap': [ '1.3.2' ],
82 silly audit   'array.prototype.tosorted': [ '1.1.4' ],
82 silly audit   'arraybuffer.prototype.slice': [ '1.0.3' ],
82 silly audit   'ast-types-flow': [ '0.0.8' ],
82 silly audit   'available-typed-arrays': [ '1.0.7' ],
82 silly audit   'axe-core': [ '4.10.0' ],
82 silly audit   'axobject-query': [ '4.1.0' ],
82 silly audit   'balanced-match': [ '1.0.2' ],
82 silly audit   'binary-extensions': [ '2.3.0' ],
82 silly audit   braces: [ '3.0.3' ],
82 silly audit   busboy: [ '1.6.0' ],
82 silly audit   'call-bind': [ '1.0.7' ],
82 silly audit   callsites: [ '3.1.0' ],
82 silly audit   'camelcase-css': [ '2.0.1' ],
82 silly audit   'caniuse-lite': [ '1.0.30001667' ],
82 silly audit   chalk: [ '4.1.2' ],
82 silly audit   chokidar: [ '3.6.0' ],
82 silly audit   'glob-parent': [ '5.1.2', '6.0.2' ],
82 silly audit   'class-variance-authority': [ '0.7.0' ],
82 silly audit   clsx: [ '2.0.0', '2.1.1' ],
82 silly audit   'client-only': [ '0.0.1' ],
82 silly audit   cmdk: [ '1.0.0' ],
82 silly audit   'react-remove-scroll': [ '2.5.5', '2.6.0' ],
82 silly audit   'color-convert': [ '2.0.1' ],
82 silly audit   'color-name': [ '1.1.4' ],
82 silly audit   commander: [ '4.1.1' ],
82 silly audit   'concat-map': [ '0.0.1' ],
82 silly audit   cookie: [ '0.7.0' ],
82 silly audit   'cross-spawn': [ '7.0.3' ],
82 silly audit   'crypto-js': [ '4.2.0' ],
82 silly audit   cssesc: [ '3.0.0' ],
82 silly audit   'damerau-levenshtein': [ '1.0.8' ],
82 silly audit   'data-view-buffer': [ '1.0.1' ],
82 silly audit   'data-view-byte-length': [ '1.0.1' ],
82 silly audit   'data-view-byte-offset': [ '1.0.0' ],
82 silly audit   debug: [ '4.3.7', '3.2.7' ],
82 silly audit   'deep-equal': [ '2.2.3' ],
82 silly audit   'deep-is': [ '0.1.4' ],
82 silly audit   'define-data-property': [ '1.1.4' ],
82 silly audit   'define-properties': [ '1.2.1' ],
82 silly audit   'detect-node-es': [ '1.1.0' ],
82 silly audit   didyoumean: [ '1.2.2' ],
82 silly audit   dlv: [ '1.1.3' ],
82 silly audit   doctrine: [ '3.0.0', '2.1.0' ],
82 silly audit   'dot-case': [ '3.0.4' ],
82 silly audit   eastasianwidth: [ '0.2.0' ],
82 silly audit   'emoji-regex': [ '9.2.2', '8.0.0' ],
82 silly audit   'enhanced-resolve': [ '5.17.1' ],
82 silly audit   'es-abstract': [ '1.23.3' ],
82 silly audit   'es-define-property': [ '1.0.0' ],
82 silly audit   'es-errors': [ '1.3.0' ],
82 silly audit   'es-get-iterator': [ '1.1.3' ],
82 silly audit   'es-iterator-helpers': [ '1.0.19' ],
82 silly audit   'es-object-atoms': [ '1.0.0' ],
82 silly audit   'es-set-tostringtag': [ '2.0.3' ],
82 silly audit   'es-shim-unscopables': [ '1.0.2' ],
82 silly audit   'es-to-primitive': [ '1.2.1' ],
82 silly audit   'escape-string-regexp': [ '4.0.0' ],
82 silly audit   eslint: [ '8.57.1' ],
82 silly audit   'eslint-config-next': [ '14.2.14' ],
82 silly audit   'eslint-import-resolver-node': [ '0.3.9' ],
82 silly audit   'eslint-import-resolver-typescript': [ '3.6.3' ],
82 silly audit   'eslint-module-utils': [ '2.12.0' ],
82 silly audit   'eslint-plugin-import': [ '2.31.0' ],
82 silly audit   semver: [ '6.3.1', '7.6.3' ],
82 silly audit   'eslint-plugin-jsx-a11y': [ '6.10.0' ],
82 silly audit   'eslint-plugin-react': [ '7.37.1' ],
82 silly audit   'eslint-plugin-react-hooks': [ '4.6.2' ],
82 silly audit   resolve: [ '2.0.0-next.5', '1.22.8' ],
82 silly audit   'eslint-scope': [ '7.2.2' ],
82 silly audit   'eslint-visitor-keys': [ '3.4.3' ],
82 silly audit   espree: [ '9.6.1' ],
82 silly audit   esquery: [ '1.6.0' ],
82 silly audit   esrecurse: [ '4.3.0' ],
82 silly audit   estraverse: [ '5.3.0' ],
82 silly audit   esutils: [ '2.0.3' ],
82 silly audit   'fast-deep-equal': [ '3.1.3' ],
82 silly audit   'fast-glob': [ '3.3.2' ],
82 silly audit   'fast-json-stable-stringify': [ '2.1.0' ],
82 silly audit   'fast-levenshtein': [ '2.0.6' ],
82 silly audit   fastq: [ '1.17.1' ],
82 silly audit   'file-entry-cache': [ '6.0.1' ],
82 silly audit   'fill-range': [ '7.1.1' ],
82 silly audit   'find-up': [ '5.0.0' ],
82 silly audit   'flat-cache': [ '3.2.0' ],
82 silly audit   flatted: [ '3.3.1' ],
82 silly audit   'for-each': [ '0.3.3' ],
82 silly audit   'foreground-child': [ '3.3.0' ],
82 silly audit   'fs.realpath': [ '1.0.0' ],
82 silly audit   fsevents: [ '2.3.3' ],
82 silly audit   'function-bind': [ '1.1.2' ],
82 silly audit   'function.prototype.name': [ '1.1.6' ],
82 silly audit   'functions-have-names': [ '1.2.3' ],
82 silly audit   'get-intrinsic': [ '1.2.4' ],
82 silly audit   'get-nonce': [ '1.0.1' ],
82 silly audit   'get-symbol-description': [ '1.0.2' ],
82 silly audit   'get-tsconfig': [ '4.8.1' ],
82 silly audit   glob: [ '10.3.10', '7.2.3' ],
82 silly audit   'glob-to-regexp': [ '0.4.1' ],
82 silly audit   globals: [ '13.24.0' ],
82 silly audit   globalthis: [ '1.0.4' ],
82 silly audit   goober: [ '2.1.15' ],
82 silly audit   gopd: [ '1.0.1' ],
82 silly audit   'graceful-fs': [ '4.2.11' ],
82 silly audit   graphemer: [ '1.4.0' ],
82 silly audit   'has-bigints': [ '1.0.2' ],
82 silly audit   'has-flag': [ '4.0.0' ],
82 silly audit   'has-property-descriptors': [ '1.0.2' ],
82 silly audit   'has-proto': [ '1.0.3' ],
82 silly audit   'has-symbols': [ '1.0.3' ],
82 silly audit   'has-tostringtag': [ '1.0.2' ],
82 silly audit   hasown: [ '2.0.2' ],
82 silly audit   ignore: [ '5.3.2' ],
82 silly audit   'import-fresh': [ '3.3.0' ],
82 silly audit   imurmurhash: [ '0.1.4' ],
82 silly audit   inflight: [ '1.0.6' ],
82 silly audit   inherits: [ '2.0.4' ],
82 silly audit   'internal-slot': [ '1.0.7' ],
82 silly audit   invariant: [ '2.2.4' ],
82 silly audit   'is-arguments': [ '1.1.1' ],
82 silly audit   'is-array-buffer': [ '3.0.4' ],
82 silly audit   'is-async-function': [ '2.0.0' ],
82 silly audit   'is-bigint': [ '1.0.4' ],
82 silly audit   'is-binary-path': [ '2.1.0' ],
82 silly audit   'is-boolean-object': [ '1.1.2' ],
82 silly audit   'is-bun-module': [ '1.2.1' ],
82 silly audit   'is-callable': [ '1.2.7' ],
82 silly audit   'is-core-module': [ '2.15.1' ],
82 silly audit   'is-data-view': [ '1.0.1' ],
82 silly audit   'is-date-object': [ '1.0.5' ],
82 silly audit   'is-extglob': [ '2.1.1' ],
82 silly audit   'is-finalizationregistry': [ '1.0.2' ],
82 silly audit   'is-fullwidth-code-point': [ '3.0.0' ],
82 silly audit   'is-generator-function': [ '1.0.10' ],
82 silly audit   'is-glob': [ '4.0.3' ],
82 silly audit   'is-map': [ '2.0.3' ],
82 silly audit   'is-negative-zero': [ '2.0.3' ],
82 silly audit   'is-number': [ '7.0.0' ],
82 silly audit   'is-number-object': [ '1.0.7' ],
82 silly audit   'is-path-inside': [ '3.0.3' ],
82 silly audit   'is-regex': [ '1.1.4' ],
82 silly audit   'is-set': [ '2.0.3' ],
82 silly audit   'is-shared-array-buffer': [ '1.0.3' ],
82 silly audit   'is-string': [ '1.0.7' ],
82 silly audit   'is-symbol': [ '1.0.4' ],
82 silly audit   'is-typed-array': [ '1.1.13' ],
82 silly audit   'is-weakmap': [ '2.0.2' ],
82 silly audit   'is-weakref': [ '1.0.2' ],
82 silly audit   'is-weakset': [ '2.0.3' ],
82 silly audit   isarray: [ '2.0.5' ],
82 silly audit   isexe: [ '2.0.0' ],
82 silly audit   'iterator.prototype': [ '1.1.2' ],
82 silly audit   jackspeak: [ '2.3.6' ],
82 silly audit   jiti: [ '1.21.6' ],
82 silly audit   'js-cookie': [ '3.0.5' ],
82 silly audit   'js-tokens': [ '4.0.0' ],
82 silly audit   'js-yaml': [ '4.1.0' ],
82 silly audit   'json-buffer': [ '3.0.1' ],
82 silly audit   'json-schema-traverse': [ '0.4.1' ],
82 silly audit   'json-stable-stringify-without-jsonify': [ '1.0.1' ],
82 silly audit   json5: [ '1.0.2' ],
82 silly audit   'jsx-ast-utils': [ '3.3.5' ],
82 silly audit   keyv: [ '4.5.4' ],
82 silly audit   'language-subtag-registry': [ '0.3.23' ],
82 silly audit   'language-tags': [ '1.0.9' ],
82 silly audit   levn: [ '0.4.1' ],
82 silly audit   lilconfig: [ '2.1.0', '3.1.2' ],
82 silly audit   'lines-and-columns': [ '1.2.4' ],
82 silly audit   'locate-path': [ '6.0.0' ],
82 silly audit   'lodash.merge': [ '4.6.2' ],
82 silly audit   'loose-envify': [ '1.4.0' ],
82 silly audit   'lower-case': [ '2.0.2' ],
82 silly audit   'lru-cache': [ '10.4.3' ],
82 silly audit   'lucide-react': [ '0.447.0' ],
82 silly audit   'map-obj': [ '4.3.0' ],
82 silly audit   merge2: [ '1.4.1' ],
82 silly audit   micromatch: [ '4.0.8' ],
82 silly audit   minimist: [ '1.2.8' ],
82 silly audit   minipass: [ '7.1.2' ],
82 silly audit   ms: [ '2.1.3' ],
82 silly audit   mz: [ '2.7.0' ],
82 silly audit   nanoid: [ '3.3.7' ],
82 silly audit   'natural-compare': [ '1.4.0' ],
82 silly audit   next: [ '14.2.14' ],
82 silly audit   postcss: [ '8.4.31', '8.4.47' ],
82 silly audit   'no-case': [ '3.0.4' ],
82 silly audit   'normalize-path': [ '3.0.0' ],
82 silly audit   'object-assign': [ '4.1.1' ],
82 silly audit   'object-hash': [ '3.0.0' ],
82 silly audit   'object-inspect': [ '1.13.2' ],
82 silly audit   'object-is': [ '1.1.6' ],
82 silly audit   'object-keys': [ '1.1.1' ],
82 silly audit   'object.assign': [ '4.1.5' ],
82 silly audit   'object.entries': [ '1.1.8' ],
82 silly audit   'object.fromentries': [ '2.0.8' ],
82 silly audit   'object.groupby': [ '1.0.3' ],
82 silly audit   'object.values': [ '1.2.0' ],
82 silly audit   once: [ '1.4.0' ],
82 silly audit   optionator: [ '0.9.4' ],
82 silly audit   'p-limit': [ '3.1.0' ],
82 silly audit   'p-locate': [ '5.0.0' ],
82 silly audit   'parent-module': [ '1.0.1' ],
82 silly audit   'path-exists': [ '4.0.0' ],
82 silly audit   'path-is-absolute': [ '1.0.1' ],
82 silly audit   'path-key': [ '3.1.1' ],
82 silly audit   'path-parse': [ '1.0.7' ],
82 silly audit   'path-scurry': [ '1.11.1' ],
82 silly audit   picocolors: [ '1.1.0' ],
82 silly audit   picomatch: [ '2.3.1' ],
82 silly audit   pify: [ '2.3.0' ],
82 silly audit   pirates: [ '4.0.6' ],
82 silly audit   'possible-typed-array-names': [ '1.0.0' ],
82 silly audit   'postcss-import': [ '15.1.0' ],
82 silly audit   'postcss-js': [ '4.0.1' ],
82 silly audit   'postcss-load-config': [ '4.0.2' ],
82 silly audit   'postcss-nested': [ '6.2.0' ],
82 silly audit   'postcss-selector-parser': [ '6.1.2' ],
82 silly audit   'postcss-value-parser': [ '4.2.0' ],
82 silly audit   'prelude-ls': [ '1.2.1' ],
82 silly audit   prisma: [ '5.20.0' ],
82 silly audit   'prop-types': [ '15.8.1' ],
82 silly audit   punycode: [ '2.3.1' ],
82 silly audit   'queue-microtask': [ '1.2.3' ],
82 silly audit   react: [ '18.3.1' ],
82 silly audit   'react-dom': [ '18.3.1' ],
82 silly audit   'react-hot-toast': [ '2.4.1' ],
82 silly audit   'react-is': [ '16.13.1' ],
82 silly audit   'react-remove-scroll-bar': [ '2.3.6' ],
82 silly audit   'react-style-singleton': [ '2.2.1' ],
82 silly audit   'read-cache': [ '1.0.0' ],
82 silly audit   readdirp: [ '3.6.0' ],
82 silly audit   'reflect.getprototypeof': [ '1.0.6' ],
82 silly audit   'regenerator-runtime': [ '0.14.1' ],
82 silly audit   'regexp.prototype.flags': [ '1.5.3' ],
82 silly audit   'resolve-from': [ '4.0.0' ],
82 silly audit   'resolve-pkg-maps': [ '1.0.0' ],
82 silly audit   reusify: [ '1.0.4' ],
82 silly audit   rimraf: [ '3.0.2' ],
82 silly audit   'run-parallel': [ '1.2.0' ],
82 silly audit   'safe-array-concat': [ '1.1.2' ],
82 silly audit   'safe-regex-test': [ '1.0.3' ],
82 silly audit   scheduler: [ '0.23.2' ],
82 silly audit   'server-only': [ '0.0.1' ],
82 silly audit   'set-function-length': [ '1.2.2' ],
82 silly audit   'set-function-name': [ '2.0.2' ],
82 silly audit   'shebang-command': [ '2.0.0' ],
82 silly audit   'shebang-regex': [ '3.0.0' ],
82 silly audit   'side-channel': [ '1.0.6' ],
82 silly audit   'signal-exit': [ '4.1.0' ],
82 silly audit   'snake-case': [ '3.0.4' ],
82 silly audit   'snakecase-keys': [ '5.4.4' ],
82 silly audit   'type-fest': [ '2.19.0', '0.20.2' ],
82 silly audit   'source-map-js': [ '1.2.1' ],
82 silly audit   'std-env': [ '3.7.0' ],
82 silly audit   'stop-iteration-iterator': [ '1.0.0' ],
82 silly audit   streamsearch: [ '1.1.0' ],
82 silly audit   'string-width': [ '5.1.2', '4.2.3' ],
82 silly audit   'string.prototype.includes': [ '2.0.0' ],
82 silly audit   'string.prototype.matchall': [ '4.0.11' ],
82 silly audit   'string.prototype.repeat': [ '1.0.0' ],
82 silly audit   'string.prototype.trim': [ '1.2.9' ],
82 silly audit   'string.prototype.trimend': [ '1.0.8' ],
82 silly audit   'string.prototype.trimstart': [ '1.0.8' ],
82 silly audit   'strip-bom': [ '3.0.0' ],
82 silly audit   'strip-json-comments': [ '3.1.1' ],
82 silly audit   'styled-jsx': [ '5.1.1' ],
82 silly audit   sucrase: [ '3.35.0' ],
82 silly audit   'supports-color': [ '7.2.0' ],
82 silly audit   'supports-preserve-symlinks-flag': [ '1.0.0' ],
82 silly audit   swr: [ '2.2.5' ],
82 silly audit   'tailwind-merge': [ '2.5.3' ],
82 silly audit   tailwindcss: [ '3.4.13' ],
82 silly audit   'tailwindcss-animate': [ '1.0.7' ],
82 silly audit   tapable: [ '2.2.1' ],
82 silly audit   'text-table': [ '0.2.0' ],
82 silly audit   thenify: [ '3.3.1' ],
82 silly audit   'thenify-all': [ '1.6.0' ],
82 silly audit   'to-regex-range': [ '5.0.1' ],
82 silly audit   'ts-api-utils': [ '1.3.0' ],
82 silly audit   'ts-interface-checker': [ '0.1.13' ],
82 silly audit   'tsconfig-paths': [ '3.15.0' ],
82 silly audit   'type-check': [ '0.4.0' ],
82 silly audit   'typed-array-buffer': [ '1.0.2' ],
82 silly audit   'typed-array-byte-length': [ '1.0.1' ],
82 silly audit   'typed-array-byte-offset': [ '1.0.2' ],
82 silly audit   'typed-array-length': [ '1.0.6' ],
82 silly audit   typescript: [ '5.6.2' ],
82 silly audit   'unbox-primitive': [ '1.0.2' ],
82 silly audit   'undici-types': [ '6.19.8' ],
82 silly audit   'uri-js': [ '4.4.1' ],
82 silly audit   'use-callback-ref': [ '1.3.2' ],
82 silly audit   'use-sidecar': [ '1.1.2' ],
82 silly audit   'use-sync-external-store': [ '1.2.2' ],
82 silly audit   'util-deprecate': [ '1.0.2' ],
82 silly audit   which: [ '2.0.2' ],
82 silly audit   'which-boxed-primitive': [ '1.0.2' ],
82 silly audit   'which-builtin-type': [ '1.1.4' ],
82 silly audit   'which-collection': [ '1.0.2' ],
82 silly audit   'which-typed-array': [ '1.1.15' ],
82 silly audit   'word-wrap': [ '1.2.5' ],
82 silly audit   'wrap-ansi': [ '8.1.0', '7.0.0' ],
82 silly audit   wrappy: [ '1.0.2' ],
82 silly audit   yaml: [ '2.5.1' ],
82 silly audit   'yocto-queue': [ '0.1.0' ],
82 silly audit   '@radix-ui/react-alert-dialog': [ '1.1.2' ],
82 silly audit   '@radix-ui/react-checkbox': [ '1.1.2' ],
82 silly audit   '@radix-ui/react-label': [ '2.1.0' ],
82 silly audit   '@radix-ui/react-popover': [ '1.1.2' ],
82 silly audit   '@radix-ui/react-scroll-area': [ '1.2.0' ],
82 silly audit   '@radix-ui/react-select': [ '2.1.2' ],
82 silly audit   'framer-motion': [ '11.11.10' ]
82 silly audit }
83 verbose reify failed optional dependency C:\Users\saadr\Desktop\FYP-1\manufacturing-progress-tracker\node_modules\fsevents
84 silly reify mark deleted [
84 silly reify   'C:\\Users\\saadr\\Desktop\\FYP-1\\manufacturing-progress-tracker\\node_modules\\fsevents'
84 silly reify ]
85 verbose reify failed optional dependency C:\Users\saadr\Desktop\FYP-1\manufacturing-progress-tracker\node_modules\@next\swc-win32-ia32-msvc
86 silly reify mark deleted [
86 silly reify   'C:\\Users\\saadr\\Desktop\\FYP-1\\manufacturing-progress-tracker\\node_modules\\@next\\swc-win32-ia32-msvc'
86 silly reify ]
87 verbose reify failed optional dependency C:\Users\saadr\Desktop\FYP-1\manufacturing-progress-tracker\node_modules\@next\swc-win32-arm64-msvc
88 silly reify mark deleted [
88 silly reify   'C:\\Users\\saadr\\Desktop\\FYP-1\\manufacturing-progress-tracker\\node_modules\\@next\\swc-win32-arm64-msvc'
88 silly reify ]
89 verbose reify failed optional dependency C:\Users\saadr\Desktop\FYP-1\manufacturing-progress-tracker\node_modules\@next\swc-linux-x64-musl
90 silly reify mark deleted [
90 silly reify   'C:\\Users\\saadr\\Desktop\\FYP-1\\manufacturing-progress-tracker\\node_modules\\@next\\swc-linux-x64-musl'
90 silly reify ]
91 verbose reify failed optional dependency C:\Users\saadr\Desktop\FYP-1\manufacturing-progress-tracker\node_modules\@next\swc-linux-x64-gnu
92 silly reify mark deleted [
92 silly reify   'C:\\Users\\saadr\\Desktop\\FYP-1\\manufacturing-progress-tracker\\node_modules\\@next\\swc-linux-x64-gnu'
92 silly reify ]
93 verbose reify failed optional dependency C:\Users\saadr\Desktop\FYP-1\manufacturing-progress-tracker\node_modules\@next\swc-linux-arm64-musl
94 silly reify mark deleted [
94 silly reify   'C:\\Users\\saadr\\Desktop\\FYP-1\\manufacturing-progress-tracker\\node_modules\\@next\\swc-linux-arm64-musl'
94 silly reify ]
95 verbose reify failed optional dependency C:\Users\saadr\Desktop\FYP-1\manufacturing-progress-tracker\node_modules\@next\swc-linux-arm64-gnu
96 silly reify mark deleted [
96 silly reify   'C:\\Users\\saadr\\Desktop\\FYP-1\\manufacturing-progress-tracker\\node_modules\\@next\\swc-linux-arm64-gnu'
96 silly reify ]
97 verbose reify failed optional dependency C:\Users\saadr\Desktop\FYP-1\manufacturing-progress-tracker\node_modules\@next\swc-darwin-x64
98 silly reify mark deleted [
98 silly reify   'C:\\Users\\saadr\\Desktop\\FYP-1\\manufacturing-progress-tracker\\node_modules\\@next\\swc-darwin-x64'
98 silly reify ]
99 verbose reify failed optional dependency C:\Users\saadr\Desktop\FYP-1\manufacturing-progress-tracker\node_modules\@next\swc-darwin-arm64
100 silly reify mark deleted [
100 silly reify   'C:\\Users\\saadr\\Desktop\\FYP-1\\manufacturing-progress-tracker\\node_modules\\@next\\swc-darwin-arm64'
100 silly reify ]
101 silly tarball no local data for @radix-ui/react-alert-dialog@https://registry.npmjs.org/@radix-ui/react-alert-dialog/-/react-alert-dialog-1.1.2.tgz. Extracting by manifest.
102 silly tarball no local data for framer-motion@https://registry.npmjs.org/framer-motion/-/framer-motion-11.11.10.tgz. Extracting by manifest.
103 http fetch POST 200 https://registry.npmjs.org/-/npm/v1/security/advisories/bulk 313ms
104 silly audit report {}
105 http fetch GET 200 https://registry.npmjs.org/@radix-ui/react-alert-dialog/-/react-alert-dialog-1.1.2.tgz 1331ms (cache miss)
106 http fetch GET 200 https://registry.npmjs.org/framer-motion/-/framer-motion-11.11.10.tgz 1354ms (cache miss)
107 silly ADD node_modules/@radix-ui/react-alert-dialog
108 silly ADD
109 silly ADD
110 silly ADD
111 silly ADD
112 silly ADD
113 silly ADD
114 silly ADD
115 silly ADD
116 silly ADD
117 silly CHANGE node_modules/framer-motion
118 verbose cwd C:\Users\saadr\Desktop\FYP-1\manufacturing-progress-tracker
119 verbose os Windows_NT 10.0.22631
120 verbose node v22.3.0
121 verbose npm  v10.8.1
122 verbose exit 0
123 info ok
